[ 2016-05-29T08:50:21+08:00 ] ::1 /myblogv1/Home
INFO: [ app_begin ] --START--
INFO: Run Behavior\ReadHtmlCache [ RunTime:0.002000s ]
INFO: [ app_begin ] --END-- [ RunTime:0.003000s ]
NOTIC: [8192] mysql_connect(): The mysql extension is deprecated and will be removed in the future: use mysqli or PDO instead E:\wamp\www\myblogv1\ThinkPHP\Library\Think\Db\Driver\Mysql.class.php 第 52 行.
SQL: SHOW COLUMNS FROM `blog` [ RunTime:0.133008s ]
SQL: SELECT * FROM `blog` ORDER BY browsenumber desc LIMIT 5   [ RunTime:0.039002s ]
SQL: SELECT * FROM `blog` ORDER BY public_date LIMIT 2   [ RunTime:0.001000s ]
SQL: SELECT * FROM `blog` ORDER BY browsenumber LIMIT 1   [ RunTime:0.001000s ]
INFO: [ view_parse ] --START--
INFO: [ template_filter ] --START--
INFO: Run Behavior\ContentReplace [ RunTime:0.000000s ]
INFO: [ template_filter ] --END-- [ RunTime:0.002001s ]
INFO: Run Behavior\ParseTemplate [ RunTime:0.139008s ]
INFO: [ view_parse ] --END-- [ RunTime:0.139008s ]
INFO: [ view_filter ] --START--
INFO: Run Behavior\WriteHtmlCache [ RunTime:0.001000s ]
INFO: [ view_filter ] --END-- [ RunTime:0.002000s ]
INFO: [ app_end ] --START--
INFO: Run Behavior\ShowPageTrace [ RunTime:0.007000s ]
INFO: [ app_end ] --END-- [ RunTime:0.008000s ]

[ 2016-05-29T08:50:42+08:00 ] ::1 /myblogv1/index.php/Home/Index/look_blog_detail.html?id=11
INFO: [ app_begin ] --START--
INFO: Run Behavior\ReadHtmlCache [ RunTime:0.001000s ]
INFO: [ app_begin ] --END-- [ RunTime:0.003000s ]
NOTIC: [8192] mysql_connect(): The mysql extension is deprecated and will be removed in the future: use mysqli or PDO instead E:\wamp\www\myblogv1\ThinkPHP\Library\Think\Db\Driver\Mysql.class.php 第 52 行.
SQL: SHOW COLUMNS FROM `blog` [ RunTime:0.046003s ]
SQL: UPDATE `blog` SET `browsenumber`=browsenumber+1 WHERE ( id=11 ) [ RunTime:0.081004s ]
SQL: SELECT * FROM `blog` WHERE ( id=11 ) LIMIT 1   [ RunTime:0.001000s ]
SQL: SELECT `title`,`id` FROM `blog` WHERE ( `id` < '11' ) ORDER BY id desc LIMIT 1   [ RunTime:0.001000s ]
SQL: SELECT `title`,`id` FROM `blog` WHERE ( `id` > '11' ) ORDER BY id desc LIMIT 1   [ RunTime:0.001000s ]
INFO: [ view_parse ] --START--
INFO: [ template_filter ] --START--
INFO: Run Behavior\ContentReplace [ RunTime:0.001000s ]
INFO: [ template_filter ] --END-- [ RunTime:0.001000s ]
INFO: Run Behavior\ParseTemplate [ RunTime:0.035002s ]
INFO: [ view_parse ] --END-- [ RunTime:0.037002s ]
INFO: [ view_filter ] --START--
INFO: Run Behavior\WriteHtmlCache [ RunTime:0.001000s ]
INFO: [ view_filter ] --END-- [ RunTime:0.002000s ]
INFO: [ app_end ] --START--
INFO: Run Behavior\ShowPageTrace [ RunTime:0.007001s ]
INFO: [ app_end ] --END-- [ RunTime:0.007001s ]

[ 2016-05-29T08:51:52+08:00 ] ::1 /myblogv1/index.php/Home/Index/look_blog_detail.html?id=11
INFO: [ app_begin ] --START--
INFO: Run Behavior\ReadHtmlCache [ RunTime:0.000000s ]
INFO: [ app_begin ] --END-- [ RunTime:0.000000s ]
NOTIC: [8192] mysql_connect(): The mysql extension is deprecated and will be removed in the future: use mysqli or PDO instead E:\wamp\www\myblogv1\ThinkPHP\Library\Think\Db\Driver\Mysql.class.php 第 52 行.
SQL: SHOW COLUMNS FROM `blog` [ RunTime:0.000000s ]
SQL: UPDATE `blog` SET `browsenumber`=browsenumber+1 WHERE ( id=11 ) [ RunTime:0.234000s ]
SQL: SELECT * FROM `blog` WHERE ( id=11 ) LIMIT 1   [ RunTime:0.000000s ]
SQL: SELECT `title`,`id` FROM `blog` WHERE ( `id` < '11' ) ORDER BY id desc LIMIT 1   [ RunTime:0.000000s ]
SQL: SELECT `title`,`id` FROM `blog` WHERE ( `id` > '11' ) ORDER BY id desc LIMIT 1   [ RunTime:0.000000s ]
INFO: [ view_parse ] --START--
INFO: [ template_filter ] --START--
INFO: Run Behavior\ContentReplace [ RunTime:0.000000s ]
INFO: [ template_filter ] --END-- [ RunTime:0.000000s ]
INFO: Run Behavior\ParseTemplate [ RunTime:0.031200s ]
INFO: [ view_parse ] --END-- [ RunTime:0.031200s ]
INFO: [ view_filter ] --START--
INFO: Run Behavior\WriteHtmlCache [ RunTime:0.000000s ]
INFO: [ view_filter ] --END-- [ RunTime:0.000000s ]
INFO: [ app_end ] --START--
INFO: Run Behavior\ShowPageTrace [ RunTime:0.015600s ]
INFO: [ app_end ] --END-- [ RunTime:0.015600s ]

[ 2016-05-29T08:56:26+08:00 ] ::1 /myblogv1/index.php/Home/Index/look_blog_detail.html?id=11
INFO: [ app_begin ] --START--
INFO: Run Behavior\ReadHtmlCache [ RunTime:0.015600s ]
INFO: [ app_begin ] --END-- [ RunTime:0.015600s ]
NOTIC: [8192] mysql_connect(): The mysql extension is deprecated and will be removed in the future: use mysqli or PDO instead E:\wamp\www\myblogv1\ThinkPHP\Library\Think\Db\Driver\Mysql.class.php 第 52 行.
SQL: SHOW COLUMNS FROM `blog` [ RunTime:0.000000s ]
SQL: UPDATE `blog` SET `browsenumber`=browsenumber+1 WHERE ( id=11 ) [ RunTime:0.312000s ]
SQL: SELECT * FROM `blog` WHERE ( id=11 ) LIMIT 1   [ RunTime:0.015600s ]
SQL: SELECT `title`,`id` FROM `blog` WHERE ( `id` < '11' ) ORDER BY id desc LIMIT 1   [ RunTime:0.000000s ]
SQL: SELECT `title`,`id` FROM `blog` WHERE ( `id` > '11' ) ORDER BY id desc LIMIT 1   [ RunTime:0.000000s ]
INFO: [ view_parse ] --START--
INFO: [ template_filter ] --START--
INFO: Run Behavior\ContentReplace [ RunTime:0.000000s ]
INFO: [ template_filter ] --END-- [ RunTime:0.000000s ]
INFO: Run Behavior\ParseTemplate [ RunTime:0.031201s ]
INFO: [ view_parse ] --END-- [ RunTime:0.031201s ]
INFO: [ view_filter ] --START--
INFO: Run Behavior\WriteHtmlCache [ RunTime:0.000000s ]
INFO: [ view_filter ] --END-- [ RunTime:0.000000s ]
INFO: [ app_end ] --START--
INFO: Run Behavior\ShowPageTrace [ RunTime:0.000000s ]
INFO: [ app_end ] --END-- [ RunTime:0.000000s ]

[ 2016-05-29T08:56:38+08:00 ] ::1 /myblogv1/index.php/Home/Index/look_blog_detail.html?id=11
INFO: [ app_begin ] --START--
INFO: Run Behavior\ReadHtmlCache [ RunTime:0.000000s ]
INFO: [ app_begin ] --END-- [ RunTime:0.000000s ]
NOTIC: [8192] mysql_connect(): The mysql extension is deprecated and will be removed in the future: use mysqli or PDO instead E:\wamp\www\myblogv1\ThinkPHP\Library\Think\Db\Driver\Mysql.class.php 第 52 行.
SQL: SHOW COLUMNS FROM `blog` [ RunTime:0.015600s ]
SQL: UPDATE `blog` SET `browsenumber`=browsenumber+1 WHERE ( id=11 ) [ RunTime:0.156000s ]
SQL: SELECT * FROM `blog` WHERE ( id=11 ) LIMIT 1   [ RunTime:0.000000s ]
SQL: SELECT `title`,`id` FROM `blog` WHERE ( `id` < '11' ) ORDER BY id desc LIMIT 1   [ RunTime:0.000000s ]
SQL: SELECT `title`,`id` FROM `blog` WHERE ( `id` > '11' ) ORDER BY id desc LIMIT 1   [ RunTime:0.015600s ]
INFO: [ view_parse ] --START--
INFO: [ template_filter ] --START--
INFO: Run Behavior\ContentReplace [ RunTime:0.000000s ]
INFO: [ template_filter ] --END-- [ RunTime:0.000000s ]
INFO: Run Behavior\ParseTemplate [ RunTime:0.031200s ]
INFO: [ view_parse ] --END-- [ RunTime:0.031200s ]
INFO: [ view_filter ] --START--
INFO: Run Behavior\WriteHtmlCache [ RunTime:0.000000s ]
INFO: [ view_filter ] --END-- [ RunTime:0.000000s ]
INFO: [ app_end ] --START--
INFO: Run Behavior\ShowPageTrace [ RunTime:0.000000s ]
INFO: [ app_end ] --END-- [ RunTime:0.000000s ]

[ 2016-05-29T08:56:49+08:00 ] ::1 /myblogv1/index.php/Home/Index/look_blog_detail.html?id=11
INFO: [ app_begin ] --START--
INFO: Run Behavior\ReadHtmlCache [ RunTime:0.000000s ]
INFO: [ app_begin ] --END-- [ RunTime:0.000000s ]
NOTIC: [8192] mysql_connect(): The mysql extension is deprecated and will be removed in the future: use mysqli or PDO instead E:\wamp\www\myblogv1\ThinkPHP\Library\Think\Db\Driver\Mysql.class.php 第 52 行.
SQL: SHOW COLUMNS FROM `blog` [ RunTime:0.000000s ]
SQL: UPDATE `blog` SET `browsenumber`=browsenumber+1 WHERE ( id=11 ) [ RunTime:0.249600s ]
SQL: SELECT * FROM `blog` WHERE ( id=11 ) LIMIT 1   [ RunTime:0.000000s ]
SQL: SELECT `title`,`id` FROM `blog` WHERE ( `id` < '11' ) ORDER BY id desc LIMIT 1   [ RunTime:0.000000s ]
SQL: SELECT `title`,`id` FROM `blog` WHERE ( `id` > '11' ) ORDER BY id desc LIMIT 1   [ RunTime:0.000000s ]
INFO: [ view_parse ] --START--
INFO: [ template_filter ] --START--
INFO: Run Behavior\ContentReplace [ RunTime:0.000000s ]
INFO: [ template_filter ] --END-- [ RunTime:0.000000s ]
INFO: Run Behavior\ParseTemplate [ RunTime:0.046801s ]
INFO: [ view_parse ] --END-- [ RunTime:0.046801s ]
INFO: [ view_filter ] --START--
INFO: Run Behavior\WriteHtmlCache [ RunTime:0.000000s ]
INFO: [ view_filter ] --END-- [ RunTime:0.000000s ]
INFO: [ app_end ] --START--
INFO: Run Behavior\ShowPageTrace [ RunTime:0.000000s ]
INFO: [ app_end ] --END-- [ RunTime:0.000000s ]

[ 2016-05-29T08:57:07+08:00 ] ::1 /myblogv1/index.php/Home/Index/look_blog_detail.html?id=11
INFO: [ app_begin ] --START--
INFO: Run Behavior\ReadHtmlCache [ RunTime:0.015600s ]
INFO: [ app_begin ] --END-- [ RunTime:0.015600s ]
NOTIC: [8192] mysql_connect(): The mysql extension is deprecated and will be removed in the future: use mysqli or PDO instead E:\wamp\www\myblogv1\ThinkPHP\Library\Think\Db\Driver\Mysql.class.php 第 52 行.
SQL: SHOW COLUMNS FROM `blog` [ RunTime:0.000000s ]
SQL: UPDATE `blog` SET `browsenumber`=browsenumber+1 WHERE ( id=11 ) [ RunTime:0.140401s ]
SQL: SELECT * FROM `blog` WHERE ( id=11 ) LIMIT 1   [ RunTime:0.000000s ]
SQL: SELECT `title`,`id` FROM `blog` WHERE ( `id` < '11' ) ORDER BY id desc LIMIT 1   [ RunTime:0.000000s ]
SQL: SELECT `title`,`id` FROM `blog` WHERE ( `id` > '11' ) ORDER BY id desc LIMIT 1   [ RunTime:0.000000s ]
INFO: [ view_parse ] --START--
INFO: [ template_filter ] --START--
INFO: Run Behavior\ContentReplace [ RunTime:0.000000s ]
INFO: [ template_filter ] --END-- [ RunTime:0.000000s ]
INFO: Run Behavior\ParseTemplate [ RunTime:0.046800s ]
INFO: [ view_parse ] --END-- [ RunTime:0.046800s ]
INFO: [ view_filter ] --START--
INFO: Run Behavior\WriteHtmlCache [ RunTime:0.000000s ]
INFO: [ view_filter ] --END-- [ RunTime:0.000000s ]
INFO: [ app_end ] --START--
INFO: Run Behavior\ShowPageTrace [ RunTime:0.000000s ]
INFO: [ app_end ] --END-- [ RunTime:0.000000s ]

[ 2016-05-29T09:00:14+08:00 ] ::1 /myblogv1/index.php/Home/Index/look_blog_detail.html?id=11
INFO: [ app_begin ] --START--
INFO: Run Behavior\ReadHtmlCache [ RunTime:0.003000s ]
INFO: [ app_begin ] --END-- [ RunTime:0.006000s ]
NOTIC: [8192] mysql_connect(): The mysql extension is deprecated and will be removed in the future: use mysqli or PDO instead E:\wamp\www\myblogv1\ThinkPHP\Library\Think\Db\Driver\Mysql.class.php 第 52 行.
SQL: SHOW COLUMNS FROM `blog` [ RunTime:0.005000s ]
SQL: UPDATE `blog` SET `browsenumber`=browsenumber+1 WHERE ( id=11 ) [ RunTime:0.123007s ]
SQL: SELECT * FROM `blog` WHERE ( id=11 ) LIMIT 1   [ RunTime:0.001000s ]
SQL: SELECT `title`,`id` FROM `blog` WHERE ( `id` < '11' ) ORDER BY id desc LIMIT 1   [ RunTime:0.001000s ]
SQL: SELECT `title`,`id` FROM `blog` WHERE ( `id` > '11' ) ORDER BY id desc LIMIT 1   [ RunTime:0.001000s ]
INFO: [ view_parse ] --START--
INFO: [ template_filter ] --START--
INFO: Run Behavior\ContentReplace [ RunTime:0.001000s ]
INFO: [ template_filter ] --END-- [ RunTime:0.001000s ]
INFO: Run Behavior\ParseTemplate [ RunTime:0.028001s ]
INFO: [ view_parse ] --END-- [ RunTime:0.029001s ]
INFO: [ view_filter ] --START--
INFO: Run Behavior\WriteHtmlCache [ RunTime:0.001000s ]
INFO: [ view_filter ] --END-- [ RunTime:0.001000s ]
INFO: [ app_end ] --START--
INFO: Run Behavior\ShowPageTrace [ RunTime:0.002001s ]
INFO: [ app_end ] --END-- [ RunTime:0.002001s ]

[ 2016-05-29T09:08:35+08:00 ] ::1 /myblogv1/index.php/Home/Index/look_blog_detail.html?id=11
INFO: [ app_begin ] --START--
INFO: Run Behavior\ReadHtmlCache [ RunTime:0.000000s ]
INFO: [ app_begin ] --END-- [ RunTime:0.000000s ]
NOTIC: [8192] mysql_connect(): The mysql extension is deprecated and will be removed in the future: use mysqli or PDO instead E:\wamp\www\myblogv1\ThinkPHP\Library\Think\Db\Driver\Mysql.class.php 第 52 行.
SQL: SHOW COLUMNS FROM `blog` [ RunTime:0.000000s ]
SQL: UPDATE `blog` SET `browsenumber`=browsenumber+1 WHERE ( id=11 ) [ RunTime:0.202800s ]
SQL: SELECT * FROM `blog` WHERE ( id=11 ) LIMIT 1   [ RunTime:0.000000s ]
SQL: SELECT `title`,`id` FROM `blog` WHERE ( `id` < '11' ) ORDER BY id desc LIMIT 1   [ RunTime:0.000000s ]
SQL: SELECT `title`,`id` FROM `blog` WHERE ( `id` > '11' ) ORDER BY id desc LIMIT 1   [ RunTime:0.000000s ]
INFO: [ view_parse ] --START--
INFO: [ template_filter ] --START--
INFO: Run Behavior\ContentReplace [ RunTime:0.000000s ]
INFO: [ template_filter ] --END-- [ RunTime:0.000000s ]
INFO: Run Behavior\ParseTemplate [ RunTime:0.031200s ]
INFO: [ view_parse ] --END-- [ RunTime:0.031200s ]
INFO: [ view_filter ] --START--
INFO: Run Behavior\WriteHtmlCache [ RunTime:0.000000s ]
INFO: [ view_filter ] --END-- [ RunTime:0.000000s ]
INFO: [ app_end ] --START--
INFO: Run Behavior\ShowPageTrace [ RunTime:0.015600s ]
INFO: [ app_end ] --END-- [ RunTime:0.015600s ]

[ 2016-05-29T09:08:50+08:00 ] ::1 /myblogv1/index.php/Home/Index/look_blog_detail.html?id=11
INFO: [ app_begin ] --START--
INFO: Run Behavior\ReadHtmlCache [ RunTime:0.000000s ]
INFO: [ app_begin ] --END-- [ RunTime:0.000000s ]
NOTIC: [8192] mysql_connect(): The mysql extension is deprecated and will be removed in the future: use mysqli or PDO instead E:\wamp\www\myblogv1\ThinkPHP\Library\Think\Db\Driver\Mysql.class.php 第 52 行.
SQL: SHOW COLUMNS FROM `blog` [ RunTime:0.000000s ]
SQL: UPDATE `blog` SET `browsenumber`=browsenumber+1 WHERE ( id=11 ) [ RunTime:0.561601s ]
SQL: SELECT * FROM `blog` WHERE ( id=11 ) LIMIT 1   [ RunTime:0.000000s ]
SQL: SELECT `title`,`id` FROM `blog` WHERE ( `id` < '11' ) ORDER BY id desc LIMIT 1   [ RunTime:0.000000s ]
SQL: SELECT `title`,`id` FROM `blog` WHERE ( `id` > '11' ) ORDER BY id desc LIMIT 1   [ RunTime:0.000000s ]
INFO: [ view_parse ] --START--
INFO: [ template_filter ] --START--
INFO: Run Behavior\ContentReplace [ RunTime:0.000000s ]
INFO: [ template_filter ] --END-- [ RunTime:0.000000s ]
INFO: Run Behavior\ParseTemplate [ RunTime:0.031201s ]
INFO: [ view_parse ] --END-- [ RunTime:0.046801s ]
INFO: [ view_filter ] --START--
INFO: Run Behavior\WriteHtmlCache [ RunTime:0.000000s ]
INFO: [ view_filter ] --END-- [ RunTime:0.000000s ]
INFO: [ app_end ] --START--
INFO: Run Behavior\ShowPageTrace [ RunTime:0.000000s ]
INFO: [ app_end ] --END-- [ RunTime:0.000000s ]

[ 2016-05-29T16:33:14+08:00 ] ::1 /myblogv1/index.php/Home/Index/index.html
INFO: [ app_begin ] --START--
INFO: Run Behavior\ReadHtmlCache [ RunTime:0.003000s ]
INFO: [ app_begin ] --END-- [ RunTime:0.004000s ]
NOTIC: [8192] mysql_connect(): The mysql extension is deprecated and will be removed in the future: use mysqli or PDO instead E:\wamp\www\myblogv1\ThinkPHP\Library\Think\Db\Driver\Mysql.class.php 第 52 行.
SQL: SHOW COLUMNS FROM `blog` [ RunTime:0.029002s ]
SQL: SELECT * FROM `blog` ORDER BY browsenumber desc LIMIT 5   [ RunTime:0.119007s ]
SQL: SELECT * FROM `blog` ORDER BY public_date LIMIT 2   [ RunTime:0.010000s ]
SQL: SELECT * FROM `blog` ORDER BY browsenumber LIMIT 1   [ RunTime:0.002000s ]
INFO: [ view_parse ] --START--
INFO: [ template_filter ] --START--
INFO: Run Behavior\ContentReplace [ RunTime:0.001001s ]
INFO: [ template_filter ] --END-- [ RunTime:0.001001s ]
INFO: Run Behavior\ParseTemplate [ RunTime:0.107006s ]
INFO: [ view_parse ] --END-- [ RunTime:0.110006s ]
INFO: [ view_filter ] --START--
INFO: Run Behavior\WriteHtmlCache [ RunTime:0.001000s ]
INFO: [ view_filter ] --END-- [ RunTime:0.002000s ]
INFO: [ app_end ] --START--
INFO: Run Behavior\ShowPageTrace [ RunTime:0.002000s ]
INFO: [ app_end ] --END-- [ RunTime:0.002000s ]

[ 2016-05-29T16:34:05+08:00 ] ::1 /myblogv1/index.php/Home/Index/look_blog_detail.html?id=12
INFO: [ app_begin ] --START--
INFO: Run Behavior\ReadHtmlCache [ RunTime:0.002000s ]
INFO: [ app_begin ] --END-- [ RunTime:0.003000s ]
NOTIC: [8192] mysql_connect(): The mysql extension is deprecated and will be removed in the future: use mysqli or PDO instead E:\wamp\www\myblogv1\ThinkPHP\Library\Think\Db\Driver\Mysql.class.php 第 52 行.
SQL: SHOW COLUMNS FROM `blog` [ RunTime:0.096006s ]
SQL: UPDATE `blog` SET `browsenumber`=browsenumber+1 WHERE ( id=12 ) [ RunTime:0.080005s ]
SQL: SELECT * FROM `blog` WHERE ( id=12 ) LIMIT 1   [ RunTime:0.001000s ]
SQL: SELECT `title`,`id` FROM `blog` WHERE ( `id` < '12' ) ORDER BY id desc LIMIT 1   [ RunTime:0.001000s ]
SQL: SELECT `title`,`id` FROM `blog` WHERE ( `id` > '12' ) ORDER BY id desc LIMIT 1   [ RunTime:0.001000s ]
INFO: [ view_parse ] --START--
INFO: [ template_filter ] --START--
INFO: Run Behavior\ContentReplace [ RunTime:0.001000s ]
INFO: [ template_filter ] --END-- [ RunTime:0.001000s ]
INFO: Run Behavior\ParseTemplate [ RunTime:0.058003s ]
INFO: [ view_parse ] --END-- [ RunTime:0.059003s ]
INFO: [ view_filter ] --START--
INFO: Run Behavior\WriteHtmlCache [ RunTime:0.001000s ]
INFO: [ view_filter ] --END-- [ RunTime:0.001000s ]
INFO: [ app_end ] --START--
INFO: Run Behavior\ShowPageTrace [ RunTime:0.002000s ]
INFO: [ app_end ] --END-- [ RunTime:0.002000s ]

